Base path: C:/Program Files/Unity/Editor/Data
Pipe name: \\.\pipe\UnityShaderCompiler-64bit-1-9268
Cmd: getPlatforms
Cmd: compileSnippet
  api=4 type=0 insize=6976 outsize=4378 kw=DIRECTIONAL SHADOWS_OFF LIGHTMAP_ON DIRLIGHTMAP_COMBINED DYNAMICLIGHTMAP_ON pd= ok=1
Cmd: compileSnippet
  api=4 type=1 insize=6976 outsize=3029 kw=DIRECTIONAL SHADOWS_OFF LIGHTMAP_ON DIRLIGHTMAP_COMBINED DYNAMICLIGHTMAP_ON pd= ok=1
Cmd: compileSnippet
  api=4 type=0 insize=6015 outsize=4654 kw=LIGHTMAP_ON DIRLIGHTMAP_COMBINED DYNAMICLIGHTMAP_ON HDR_LIGHT_PREPASS_OFF pd= ok=1
Cmd: compileSnippet
  api=4 type=1 insize=6015 outsize=2452 kw=LIGHTMAP_ON DIRLIGHTMAP_COMBINED DYNAMICLIGHTMAP_ON HDR_LIGHT_PREPASS_OFF pd= ok=1
Cmd: compileSnippet
  api=4 type=0 insize=6069 outsize=3305 kw=LIGHTMAP_ON DIRLIGHTMAP_COMBINED DYNAMICLIGHTMAP_ON HDR_LIGHT_PREPASS_OFF pd= ok=1
Cmd: compileSnippet
  api=4 type=1 insize=6069 outsize=3508 kw=LIGHTMAP_ON DIRLIGHTMAP_COMBINED DYNAMICLIGHTMAP_ON HDR_LIGHT_PREPASS_OFF pd= ok=1
Cmd: compileSnippet
  api=4 type=0 insize=7400 outsize=4402 kw=DIRECTIONAL SHADOWS_OFF LIGHTMAP_ON DIRLIGHTMAP_COMBINED DYNAMICLIGHTMAP_ON pd= ok=1
Cmd: compileSnippet
  api=4 type=1 insize=7400 outsize=3443 kw=DIRECTIONAL SHADOWS_OFF LIGHTMAP_ON DIRLIGHTMAP_COMBINED DYNAMICLIGHTMAP_ON pd= ok=1
Cmd: compileSnippet
  api=4 type=0 insize=455008 outsize=17101 kw=DIRECTIONAL SHADOWS_OFF LIGHTMAP_OFF DIRLIGHTMAP_OFF DYNAMICLIGHTMAP_OFF VERTEXLIGHT_ON EFFECT_BUMP EFFECT_HUE_VARIATION GEOM_TYPE_FROND pd= ok=1
Cmd: compileSnippet
  api=4 type=0 insize=455008 outsize=16468 kw=DIRECTIONAL SHADOWS_OFF LIGHTMAP_OFF DIRLIGHTMAP_OFF DYNAMICLIGHTMAP_OFF VERTEXLIGHT_ON EFFECT_BUMP EFFECT_HUE_VARIATION GEOM_TYPE_BRANCH_DETAIL pd= ok=1
Cmd: compileSnippet
  api=4 type=0 insize=7400 outsize=6352 kw=DIRECTIONAL SHADOWS_OFF LIGHTMAP_OFF DIRLIGHTMAP_OFF DYNAMICLIGHTMAP_OFF VERTEXLIGHT_ON pd= ok=1
Cmd: compileSnippet
  api=4 type=0 insize=118661 outsize=11934 kw=DIRECTIONAL SHADOWS_OFF LIGHTMAP_OFF DIRLIGHTMAP_OFF DYNAMICLIGHTMAP_OFF VERTEXLIGHT_ON EFFECT_BUMP EFFECT_HUE_VARIATION BILLBOARD_FACE_CAMERA_POS pd= ok=1
Cmd: compileSnippet
  api=4 type=0 insize=1274 outsize=14201 kw=SHADOWS_DEPTH LOD_FADE_CROSSFADE GEOM_TYPE_BRANCH_DETAIL pd= ok=1
Cmd: compileSnippet
  api=4 type=1 insize=1274 outsize=1046 kw=SHADOWS_DEPTH LOD_FADE_CROSSFADE GEOM_TYPE_BRANCH_DETAIL pd= ok=1
Cmd: compileSnippet
  api=4 type=0 insize=1274 outsize=15119 kw=SHADOWS_DEPTH LOD_FADE_CROSSFADE GEOM_TYPE_FROND pd= ok=1
Cmd: compileSnippet
  api=4 type=1 insize=1274 outsize=1461 kw=SHADOWS_DEPTH LOD_FADE_CROSSFADE GEOM_TYPE_FROND pd= ok=1
Cmd: compileSnippet
  api=4 type=0 insize=455008 outsize=16134 kw=DIRECTIONAL SHADOWS_SCREEN LIGHTMAP_OFF DIRLIGHTMAP_OFF DYNAMICLIGHTMAP_OFF EFFECT_BUMP EFFECT_HUE_VARIATION GEOM_TYPE_FROND pd= ok=1
Cmd: compileSnippet
  api=4 type=1 insize=455008 outsize=3468 kw=DIRECTIONAL SHADOWS_SCREEN LIGHTMAP_OFF DIRLIGHTMAP_OFF DYNAMICLIGHTMAP_OFF EFFECT_BUMP EFFECT_HUE_VARIATION GEOM_TYPE_FROND pd= ok=1
Cmd: compileSnippet
  api=4 type=0 insize=455008 outsize=15501 kw=DIRECTIONAL SHADOWS_SCREEN LIGHTMAP_OFF DIRLIGHTMAP_OFF DYNAMICLIGHTMAP_OFF EFFECT_BUMP EFFECT_HUE_VARIATION GEOM_TYPE_BRANCH_DETAIL pd= ok=1
Cmd: compileSnippet
  api=4 type=1 insize=455008 outsize=3801 kw=DIRECTIONAL SHADOWS_SCREEN LIGHTMAP_OFF DIRLIGHTMAP_OFF DYNAMICLIGHTMAP_OFF EFFECT_BUMP EFFECT_HUE_VARIATION GEOM_TYPE_BRANCH_DETAIL pd= ok=1
